Log file open, 11/05/19 10:01:41
LogWindows: Failed to load 'aqProf.dll' (GetLastError=126)
LogWindows: File 'aqProf.dll' does not exist
LogWindows: Failed to load 'VtuneApi.dll' (GetLastError=126)
LogWindows: File 'VtuneApi.dll' does not exist
LogWindows: Failed to load 'VtuneApi32e.dll' (GetLastError=126)
LogWindows: File 'VtuneApi32e.dll' does not exist
LogConsoleResponse: Display: Failed to find resolution value strings in scalability ini. Falling back to default.
LogInit: Display: Running engine for game: Jiang_Effect
LogPakFile: Registered encryption key '00000000000000000000000000000000': 0 pak files mounted, 0 remain pending
LogPlatformFile: Not using cached read wrapper
LogTaskGraph: Started task graph with 5 named threads and 47 total threads with 3 sets of task threads.
LogStats: Stats thread started at 0.562670
LogD3D11RHI: Loaded GFSDK_Aftermath_Lib.x64.dll
LogICUInternationalization: ICU TimeZone Detection - Raw Offset: +8:00, Platform Override: ''
LogPluginManager: Mounting plugin Paper2D
LogPluginManager: Mounting plugin AISupport
LogPluginManager: Mounting plugin LightPropagationVolume
LogPluginManager: Mounting plugin ActorLayerUtilities
LogPluginManager: Mounting plugin AnimationSharing
LogPluginManager: Mounting plugin CLionSourceCodeAccess
LogPluginManager: Mounting plugin CodeLiteSourceCodeAccess
LogPluginManager: Mounting plugin GitSourceControl
LogPluginManager: Mounting plugin KDevelopSourceCodeAccess
LogPluginManager: Mounting plugin NullSourceCodeAccess
LogPluginManager: Mounting plugin PerforceSourceControl
LogPluginManager: Mounting plugin SubversionSourceControl
LogPluginManager: Mounting plugin UObjectPlugin
LogPluginManager: Mounting plugin VisualStudioCodeSourceCodeAccess
LogPluginManager: Mounting plugin VisualStudioSourceCodeAccess
LogPluginManager: Mounting plugin XCodeSourceCodeAccess
LogPluginManager: Mounting plugin AssetManagerEditor
LogPluginManager: Mounting plugin CryptoKeys
LogPluginManager: Mounting plugin DataValidation
LogPluginManager: Mounting plugin FacialAnimation
LogPluginManager: Mounting plugin GameplayTagsEditor
LogPluginManager: Mounting plugin MacGraphicsSwitching
LogPluginManager: Mounting plugin MaterialAnalyzer
LogPluginManager: Mounting plugin MobileLauncherProfileWizard
LogPluginManager: Mounting plugin PluginBrowser
LogPluginManager: Mounting plugin SpeedTreeImporter
LogPluginManager: Mounting plugin DatasmithContent
LogPluginManager: Mounting plugin VariantManagerContent
LogPluginManager: Mounting plugin AlembicImporter
LogPluginManager: Mounting plugin AppleImageUtils
LogPluginManager: Mounting plugin AppleVision
LogPluginManager: Mounting plugin BackChannel
LogPluginManager: Mounting plugin CharacterAI
LogPluginManager: Mounting plugin GeometryCache
LogPluginManager: Mounting plugin HTML5Networking
LogPluginManager: Mounting plugin ProxyLODPlugin
LogPluginManager: Mounting plugin SkeletalReduction
LogPluginManager: Mounting plugin MagicLeap
LogPluginManager: Mounting plugin MagicLeapMedia
LogPluginManager: Mounting plugin AndroidMedia
LogPluginManager: Mounting plugin AvfMedia
LogPluginManager: Mounting plugin ImgMedia
LogPluginManager: Mounting plugin LinearTimecode
LogPluginManager: Mounting plugin MediaCompositing
LogPluginManager: Mounting plugin MediaPlayerEditor
LogPluginManager: Mounting plugin WebMMedia
LogPluginManager: Mounting plugin WmfMedia
LogPluginManager: Mounting plugin TcpMessaging
LogPluginManager: Mounting plugin UdpMessaging
LogPluginManager: Mounting plugin ActorSequence
LogPluginManager: Mounting plugin LevelSequenceEditor
LogPluginManager: Mounting plugin MatineeToLevelSequence
LogPluginManager: Mounting plugin NetcodeUnitTest
LogPluginManager: Mounting plugin NUTUnrealEngine4
LogPluginManager: Mounting plugin OnlineSubsystemGooglePlay
LogPluginManager: Mounting plugin OnlineSubsystemIOS
LogPluginManager: Mounting plugin OnlineSubsystem
LogPluginManager: Mounting plugin OnlineSubsystemNull
LogPluginManager: Mounting plugin OnlineSubsystemUtils
LogPluginManager: Mounting plugin LauncherChunkInstaller
LogPluginManager: Mounting plugin AndroidDeviceProfileSelector
LogPluginManager: Mounting plugin AndroidMoviePlayer
LogPluginManager: Mounting plugin AndroidPermission
LogPluginManager: Mounting plugin AppleMoviePlayer
LogPluginManager: Mounting plugin ArchVisCharacter
LogPluginManager: Mounting plugin AudioCapture
LogPluginManager: Mounting plugin CableComponent
LogPluginManager: Mounting plugin CustomMeshComponent
LogPluginManager: Mounting plugin EditableMesh
LogPluginManager: Mounting plugin ExampleDeviceProfileSelector
LogPluginManager: Mounting plugin Firebase
LogPluginManager: Mounting plugin GoogleCloudMessaging
LogPluginManager: Mounting plugin HoudiniEngine
LogPluginManager: Mounting plugin IOSDeviceProfileSelector
LogPluginManager: Mounting plugin LinuxDeviceProfileSelector
LogPluginManager: Mounting plugin LocationServicesBPLibrary
LogPluginManager: Mounting plugin MobilePatchingUtils
LogPluginManager: Mounting plugin OculusVR
LogPluginManager: Mounting plugin PhysXVehicles
LogPluginManager: Mounting plugin ProceduralMeshComponent
LogPluginManager: Mounting plugin RuntimePhysXCooking
LogPluginManager: Mounting plugin SignificanceManager
LogPluginManager: Mounting plugin SteamVR
LogPluginManager: Mounting plugin WebMMoviePlayer
LogPluginManager: Mounting plugin WindowsMoviePlayer
LogInit: Using libcurl 7.55.1-DEV
LogInit:  - built for x86_64-pc-win32
LogInit:  - supports SSL with OpenSSL/1.1.1
LogInit:  - supports HTTP deflate (compression) using libz 1.2.8
LogInit:  - other features:
LogInit:      CURL_VERSION_SSL
LogInit:      CURL_VERSION_LIBZ
LogInit:      CURL_VERSION_IPV6
LogInit:      CURL_VERSION_ASYNCHDNS
LogInit:      CURL_VERSION_LARGEFILE
LogInit:      CURL_VERSION_IDN
LogInit:  CurlRequestOptions (configurable via config and command line):
LogInit:  - bVerifyPeer = true  - Libcurl will verify peer certificate
LogInit:  - bUseHttpProxy = false  - Libcurl will NOT use HTTP proxy
LogInit:  - bDontReuseConnections = false  - Libcurl will reuse connections
LogInit:  - MaxHostConnections = 16  - Libcurl will limit the number of connections to a host
LogInit:  - LocalHostAddr = Default
LogInit:  - BufferSize = 65536
LogInit: WinSock: version 1.1 (2.2), MaxSocks=32767, MaxUdp=65467
LogInit: Build: ++UE4+Release-4.22-CL-6574378
LogInit: Engine Version: 4.22.2-6574378+++UE4+Release-4.22
LogInit: Compatible Engine Version: 4.22.0-5660361+++UE4+Release-4.22
LogInit: Net CL: 5660361
LogInit: OS: Windows 10 (Release 1903) (), CPU: AMD Ryzen 7 1700 Eight-Core Processor          , GPU: NVIDIA GeForce GTX 1060 3GB
LogInit: Compiled (64-bit): May 20 2019 09:54:56
LogInit: Compiled with Visual C++: 19.16.27025.01
LogInit: Build Configuration: Development
LogInit: Branch Name: ++UE4+Release-4.22
LogInit: Command Line: 
LogInit: Base Directory: E:/Unreal_4.22/UE_4.22/Engine/Binaries/Win64/
LogInit: Installed Engine Build: 1
LogDevObjectVersion: Number of dev versions registered: 23
LogDevObjectVersion:   Dev-Blueprints (B0D832E4-1F89-4F0D-ACCF-7EB736FD4AA2): 10
LogDevObjectVersion:   Dev-Build (E1C64328-A22C-4D53-A36C-8E866417BD8C): 0
LogDevObjectVersion:   Dev-Core (375EC13C-06E4-48FB-B500-84F0262A717E): 3
LogDevObjectVersion:   Dev-Editor (E4B068ED-F494-42E9-A231-DA0B2E46BB41): 30
LogDevObjectVersion:   Dev-Framework (CFFC743F-43B0-4480-9391-14DF171D2073): 35
LogDevObjectVersion:   Dev-Mobile (B02B49B5-BB20-44E9-A304-32B752E40360): 2
LogDevObjectVersion:   Dev-Networking (A4E4105C-59A1-49B5-A7C5-40C4547EDFEE): 0
LogDevObjectVersion:   Dev-Online (39C831C9-5AE6-47DC-9A44-9C173E1C8E7C): 0
LogDevObjectVersion:   Dev-Physics (78F01B33-EBEA-4F98-B9B4-84EACCB95AA2): 0
LogDevObjectVersion:   Dev-Platform (6631380F-2D4D-43E0-8009-CF276956A95A): 0
LogDevObjectVersion:   Dev-Rendering (12F88B9F-8875-4AFC-A67C-D90C383ABD29): 28
LogDevObjectVersion:   Dev-Sequencer (7B5AE74C-D270-4C10-A958-57980B212A5A): 11
LogDevObjectVersion:   Dev-VR (D7296918-1DD6-4BDD-9DE2-64A83CC13884): 2
LogDevObjectVersion:   Dev-LoadTimes (C2A15278-BFE7-4AFE-6C17-90FF531DF755): 1
LogDevObjectVersion:   Private-Geometry (6EACA3D4-40EC-4CC1-B786-8BED09428FC5): 3
LogDevObjectVersion:   Dev-AnimPhys (29E575DD-E0A3-4627-9D10-D276232CDCEA): 17
LogDevObjectVersion:   Dev-Anim (AF43A65D-7FD3-4947-9873-3E8ED9C1BB05): 2
LogDevObjectVersion:   Dev-ReflectionCapture (6B266CEC-1EC7-4B8F-A30B-E4D90942FC07): 1
LogDevObjectVersion:   Dev-Automation (0DF73D61-A23F-47EA-B727-89E90C41499A): 1
LogDevObjectVersion:   FortniteMain (601D1886-AC64-4F84-AA16-D3DE0DEAC7D6): 25
LogDevObjectVersion:   Dev-Enterprise (9DFFBCD6-494F-0158-E221-12823C92A888): 6
LogDevObjectVersion:   Dev-Niagara (F2AED0AC-9AFE-416F-8664-AA7FFA26D6FC): 1
LogDevObjectVersion:   Dev-Destruction (174F1F0B-B4C6-45A5-B13F-2EE8D0FB917D): 2
LogInit: Presizing for max 16777216 objects, including 0 objects not considered by GC, pre-allocating 0 bytes for permanent pool.
LogInit: Object subsystem initialized
LogConfig: Setting CVar [[con.DebugEarlyDefault:1]]
LogConfig: Setting CVar [[r.setres:1280x720]]
[2019.11.05-02.01.42:044][  0]LogConfig: Setting CVar [[r.VSync:0]]
[2019.11.05-02.01.42:044][  0]LogConfig: Setting CVar [[r.RHICmdBypass:0]]
[2019.11.05-02.01.42:044][  0]LogConfig: Applying CVar settings from Section [/Script/Engine.RendererSettings] File [E:/Iiyat_Art/RES_01/Jiang_Effect/Saved/Config/Windows/Engine.ini]
[2019.11.05-02.01.42:044][  0]LogConfig: Setting CVar [[r.GPUCrashDebugging:0]]
[2019.11.05-02.01.42:044][  0]LogConfig: Setting CVar [[r.DefaultFeature.AutoExposure:0]]
[2019.11.05-02.01.42:044][  0]LogConfig: Setting CVar [[r.DefaultFeature.AntiAliasing:0]]
[2019.11.05-02.01.42:044][  0]LogConfig: Applying CVar settings from Section [/Script/Engine.RendererOverrideSettings] File [E:/Iiyat_Art/RES_01/Jiang_Effect/Saved/Config/Windows/Engine.ini]
[2019.11.05-02.01.42:044][  0]LogConfig: Applying CVar settings from Section [/Script/Engine.StreamingSettings] File [E:/Iiyat_Art/RES_01/Jiang_Effect/Saved/Config/Windows/Engine.ini]
[2019.11.05-02.01.42:044][  0]LogConfig: Setting CVar [[s.MinBulkDataSizeForAsyncLoading:131072]]
[2019.11.05-02.01.42:044][  0]LogConfig: Setting CVar [[s.AsyncLoadingThreadEnabled:0]]
[2019.11.05-02.01.42:044][  0]LogConfig: Setting CVar [[s.EventDrivenLoaderEnabled:1]]
[2019.11.05-02.01.42:044][  0]LogConfig: Setting CVar [[s.WarnIfTimeLimitExceeded:0]]
[2019.11.05-02.01.42:044][  0]LogConfig: Setting CVar [[s.TimeLimitExceededMultiplier:1.5]]
[2019.11.05-02.01.42:044][  0]LogConfig: Setting CVar [[s.TimeLimitExceededMinTime:0.005]]
[2019.11.05-02.01.42:044][  0]LogConfig: Setting CVar [[s.UseBackgroundLevelStreaming:1]]
[2019.11.05-02.01.42:044][  0]LogConfig: Setting CVar [[s.PriorityAsyncLoadingExtraTime:15.0]]
[2019.11.05-02.01.42:044][  0]LogConfig: Setting CVar [[s.LevelStreamingActorsUpdateTimeLimit:5.0]]
[2019.11.05-02.01.42:044][  0]LogConfig: Setting CVar [[s.PriorityLevelStreamingActorsUpdateExtraTime:5.0]]
[2019.11.05-02.01.42:044][  0]LogConfig: Setting CVar [[s.LevelStreamingComponentsRegistrationGranularity:10]]
[2019.11.05-02.01.42:044][  0]LogConfig: Setting CVar [[s.UnregisterComponentsTimeLimit:1.0]]
[2019.11.05-02.01.42:044][  0]LogConfig: Setting CVar [[s.LevelStreamingComponentsUnregistrationGranularity:5]]
[2019.11.05-02.01.42:044][  0]LogConfig: Applying CVar settings from Section [/Script/Engine.GarbageCollectionSettings] File [E:/Iiyat_Art/RES_01/Jiang_Effect/Saved/Config/Windows/Engine.ini]
[2019.11.05-02.01.42:044][  0]LogConfig: Setting CVar [[gc.MaxObjectsNotConsideredByGC:1]]
[2019.11.05-02.01.42:044][  0]LogConfig: Setting CVar [[gc.SizeOfPermanentObjectPool:0]]
[2019.11.05-02.01.42:044][  0]LogConfig: Setting CVar [[gc.FlushStreamingOnGC:0]]
[2019.11.05-02.01.42:044][  0]LogConfig: Setting CVar [[gc.NumRetriesBeforeForcingGC:10]]
[2019.11.05-02.01.42:044][  0]LogConfig: Setting CVar [[gc.AllowParallelGC:1]]
[2019.11.05-02.01.42:044][  0]LogConfig: Setting CVar [[gc.TimeBetweenPurgingPendingKillObjects:61.1]]
[2019.11.05-02.01.42:044][  0]LogConfig: Setting CVar [[gc.MaxObjectsInEditor:16777216]]
[2019.11.05-02.01.42:044][  0]LogConfig: Setting CVar [[gc.IncrementalBeginDestroyEnabled:1]]
[2019.11.05-02.01.42:044][  0]LogConfig: Setting CVar [[gc.CreateGCClusters:1]]
[2019.11.05-02.01.42:044][  0]LogConfig: Setting CVar [[gc.MinGCClusterSize:5]]
[2019.11.05-02.01.42:044][  0]LogConfig: Setting CVar [[gc.ActorClusteringEnabled:0]]
[2019.11.05-02.01.42:044][  0]LogConfig: Setting CVar [[gc.BlueprintClusteringEnabled:0]]
[2019.11.05-02.01.42:044][  0]LogConfig: Setting CVar [[gc.UseDisregardForGCOnDedicatedServers:0]]
[2019.11.05-02.01.42:044][  0]LogConfig: Applying CVar settings from Section [/Script/Engine.NetworkSettings] File [E:/Iiyat_Art/RES_01/Jiang_Effect/Saved/Config/Windows/Engine.ini]
[2019.11.05-02.01.42:044][  0]LogConfig: Applying CVar settings from Section [/Script/UnrealEd.CookerSettings] File [E:/Iiyat_Art/RES_01/Jiang_Effect/Saved/Config/Windows/Engine.ini]
[2019.11.05-02.01.42:052][  0]LogConfig: Applying CVar settings from Section [ViewDistanceQuality@3] File [E:/Iiyat_Art/RES_01/Jiang_Effect/Saved/Config/Windows/Scalability.ini]
[2019.11.05-02.01.42:052][  0]LogConfig: Setting CVar [[r.SkeletalMeshLODBias:0]]
[2019.11.05-02.01.42:052][  0]LogConfig: Setting CVar [[r.ViewDistanceScale:1.0]]
[2019.11.05-02.01.42:052][  0]LogConfig: Applying CVar settings from Section [AntiAliasingQuality@3] File [E:/Iiyat_Art/RES_01/Jiang_Effect/Saved/Config/Windows/Scalability.ini]
[2019.11.05-02.01.42:052][  0]LogConfig: Setting CVar [[r.PostProcessAAQuality:4]]
[2019.11.05-02.01.42:052][  0]LogConfig: Applying CVar settings from Section [ShadowQuality@3] File [E:/Iiyat_Art/RES_01/Jiang_Effect/Saved/Config/Windows/Scalability.ini]
[2019.11.05-02.01.42:052][  0]LogConfig: Setting CVar [[r.LightFunctionQuality:1]]
[2019.11.05-02.01.42:052][  0]LogConfig: Setting CVar [[r.ShadowQuality:5]]
[2019.11.05-02.01.42:052][  0]LogConfig: Setting CVar [[r.Shadow.CSM.MaxCascades:10]]
[2019.11.05-02.01.42:052][  0]LogConfig: Setting CVar [[r.Shadow.MaxResolution:2048]]
[2019.11.05-02.01.42:052][  0]LogConfig: Setting CVar [[r.Shadow.MaxCSMResolution:2048]]
[2019.11.05-02.01.42:052][  0]LogConfig: Setting CVar [[r.Shadow.RadiusThreshold:0.01]]
[2019.11.05-02.01.42:052][  0]LogConfig: Setting CVar [[r.Shadow.DistanceScale:1.0]]
[2019.11.05-02.01.42:052][  0]LogConfig: Setting CVar [[r.Shadow.CSM.TransitionScale:1.0]]
[2019.11.05-02.01.42:052][  0]LogConfig: Setting CVar [[r.Shadow.PreShadowResolutionFactor:1.0]]
[2019.11.05-02.01.42:052][  0]LogConfig: Setting CVar [[r.DistanceFieldShadowing:1]]
[2019.11.05-02.01.42:052][  0]LogConfig: Setting CVar [[r.DistanceFieldAO:1]]
[2019.11.05-02.01.42:052][  0]LogConfig: Setting CVar [[r.AOQuality:2]]
[2019.11.05-02.01.42:052][  0]LogConfig: Setting CVar [[r.VolumetricFog:1]]
[2019.11.05-02.01.42:052][  0]LogConfig: Setting CVar [[r.VolumetricFog.GridPixelSize:8]]
[2019.11.05-02.01.42:052][  0]LogConfig: Setting CVar [[r.VolumetricFog.GridSizeZ:128]]
[2019.11.05-02.01.42:052][  0]LogConfig: Setting CVar [[r.VolumetricFog.HistoryMissSupersampleCount:4]]
[2019.11.05-02.01.42:052][  0]LogConfig: Setting CVar [[r.LightMaxDrawDistanceScale:1]]
[2019.11.05-02.01.42:052][  0]LogConfig: Setting CVar [[r.CapsuleShadows:1]]
[2019.11.05-02.01.42:052][  0]LogConfig: Applying CVar settings from Section [PostProcessQuality@3] File [E:/Iiyat_Art/RES_01/Jiang_Effect/Saved/Config/Windows/Scalability.ini]
[2019.11.05-02.01.42:052][  0]LogConfig: Setting CVar [[r.MotionBlurQuality:4]]
[2019.11.05-02.01.42:052][  0]LogConfig: Setting CVar [[r.AmbientOcclusionMipLevelFactor:0.4]]
[2019.11.05-02.01.42:052][  0]LogConfig: Setting CVar [[r.AmbientOcclusionMaxQuality:100]]
[2019.11.05-02.01.42:052][  0]LogConfig: Setting CVar [[r.AmbientOcclusionLevels:-1]]
[2019.11.05-02.01.42:052][  0]LogConfig: Setting CVar [[r.AmbientOcclusionRadiusScale:1.0]]
[2019.11.05-02.01.42:052][  0]LogConfig: Setting CVar [[r.DepthOfFieldQuality:2]]
[2019.11.05-02.01.42:052][  0]LogConfig: Setting CVar [[r.RenderTargetPoolMin:400]]
[2019.11.05-02.01.42:052][  0]LogConfig: Setting CVar [[r.LensFlareQuality:2]]
[2019.11.05-02.01.42:052][  0]LogConfig: Setting CVar [[r.SceneColorFringeQuality:1]]
[2019.11.05-02.01.42:052][  0]LogConfig: Setting CVar [[r.EyeAdaptationQuality:2]]
[2019.11.05-02.01.42:052][  0]LogConfig: Setting CVar [[r.BloomQuality:5]]
[2019.11.05-02.01.42:052][  0]LogConfig: Setting CVar [[r.FastBlurThreshold:100]]
[2019.11.05-02.01.42:052][  0]LogConfig: Setting CVar [[r.Upscale.Quality:3]]
[2019.11.05-02.01.42:052][  0]LogConfig: Setting CVar [[r.Tonemapper.GrainQuantization:1]]
[2019.11.05-02.01.42:052][  0]LogConfig: Setting CVar [[r.LightShaftQuality:1]]
[2019.11.05-02.01.42:052][  0]LogConfig: Setting CVar [[r.Filter.SizeScale:1]]
[2019.11.05-02.01.42:052][  0]LogConfig: Setting CVar [[r.Tonemapper.Quality:5]]
[2019.11.05-02.01.42:052][  0]LogConfig: Setting CVar [[r.DOF.Gather.AccumulatorQuality:1        ; higher gathering accumulator quality]]
[2019.11.05-02.01.42:053][  0]LogConfig: Setting CVar [[r.DOF.Gather.PostfilterMethod:1          ; Median3x3 postfilering method]]
[2019.11.05-02.01.42:053][  0]LogConfig: Setting CVar [[r.DOF.Gather.EnableBokehSettings:0       ; no bokeh simulation when gathering]]
[2019.11.05-02.01.42:053][  0]LogConfig: Setting CVar [[r.DOF.Gather.RingCount:4                 ; medium number of samples when gathering]]
[2019.11.05-02.01.42:053][  0]LogConfig: Setting CVar [[r.DOF.Scatter.ForegroundCompositing:1    ; additive foreground scattering]]
[2019.11.05-02.01.42:053][  0]LogConfig: Setting CVar [[r.DOF.Scatter.BackgroundCompositing:2    ; additive background scattering]]
[2019.11.05-02.01.42:053][  0]LogConfig: Setting CVar [[r.DOF.Scatter.EnableBokehSettings:1      ; bokeh simulation when scattering]]
[2019.11.05-02.01.42:053][  0]LogConfig: Setting CVar [[r.DOF.Scatter.MaxSpriteRatio:0.1         ; only a maximum of 10% of scattered bokeh]]
[2019.11.05-02.01.42:053][  0]LogConfig: Setting CVar [[r.DOF.Recombine.Quality:1                ; cheap slight out of focus]]
[2019.11.05-02.01.42:053][  0]LogConfig: Setting CVar [[r.DOF.Recombine.EnableBokehSettings:0    ; no bokeh simulation on slight out of focus]]
[2019.11.05-02.01.42:053][  0]LogConfig: Setting CVar [[r.DOF.TemporalAAQuality:1                ; more stable temporal accumulation]]
[2019.11.05-02.01.42:053][  0]LogConfig: Setting CVar [[r.DOF.Kernel.MaxForegroundRadius:0.025]]
[2019.11.05-02.01.42:053][  0]LogConfig: Setting CVar [[r.DOF.Kernel.MaxBackgroundRadius:0.025]]
[2019.11.05-02.01.42:053][  0]LogConfig: Applying CVar settings from Section [TextureQuality@3] File [E:/Iiyat_Art/RES_01/Jiang_Effect/Saved/Config/Windows/Scalability.ini]
[2019.11.05-02.01.42:053][  0]LogConfig: Setting CVar [[r.Streaming.MipBias:0]]
[2019.11.05-02.01.42:053][  0]LogConfig: Setting CVar [[r.Streaming.AmortizeCPUToGPUCopy:0]]
[2019.11.05-02.01.42:053][  0]LogConfig: Setting CVar [[r.Streaming.MaxNumTexturesToStreamPerFrame:0]]
[2019.11.05-02.01.42:053][  0]LogConfig: Setting CVar [[r.Streaming.Boost:1]]
[2019.11.05-02.01.42:053][  0]LogConfig: Setting CVar [[r.MaxAnisotropy:8]]
[2019.11.05-02.01.42:053][  0]LogConfig: Setting CVar [[r.Streaming.LimitPoolSizeToVRAM:0]]
[2019.11.05-02.01.42:053][  0]LogConfig: Setting CVar [[r.Streaming.PoolSize:1000]]
[2019.11.05-02.01.42:053][  0]LogConfig: Setting CVar [[r.Streaming.MaxEffectiveScreenSize:0]]
[2019.11.05-02.01.42:053][  0]LogConfig: Applying CVar settings from Section [EffectsQuality@3] File [E:/Iiyat_Art/RES_01/Jiang_Effect/Saved/Config/Windows/Scalability.ini]
[2019.11.05-02.01.42:053][  0]LogConfig: Setting CVar [[r.TranslucencyLightingVolumeDim:64]]
[2019.11.05-02.01.42:053][  0]LogConfig: Setting CVar [[r.RefractionQuality:2]]
[2019.11.05-02.01.42:053][  0]LogConfig: Setting CVar [[r.SSR.Quality:3]]
[2019.11.05-02.01.42:053][  0]LogConfig: Setting CVar [[r.SceneColorFormat:4]]
[2019.11.05-02.01.42:053][  0]LogConfig: Setting CVar [[r.DetailMode:2]]
[2019.11.05-02.01.42:053][  0]LogConfig: Setting CVar [[r.TranslucencyVolumeBlur:1]]
[2019.11.05-02.01.42:053][  0]LogConfig: Setting CVar [[r.MaterialQualityLevel:1 ; High quality]]
[2019.11.05-02.01.42:053][  0]LogConfig: Setting CVar [[r.SSS.Scale:1]]
[2019.11.05-02.01.42:053][  0]LogConfig: Setting CVar [[r.SSS.SampleSet:2]]
[2019.11.05-02.01.42:053][  0]LogConfig: Setting CVar [[r.SSS.Quality:1]]
[2019.11.05-02.01.42:053][  0]LogConfig: Setting CVar [[r.SSS.HalfRes:1]]
[2019.11.05-02.01.42:053][  0]LogConfig: Setting CVar [[r.EmitterSpawnRateScale:1.0]]
[2019.11.05-02.01.42:053][  0]LogConfig: Setting CVar [[r.ParticleLightQuality:2]]
[2019.11.05-02.01.42:053][  0]LogConfig: Applying CVar settings from Section [FoliageQuality@3] File [E:/Iiyat_Art/RES_01/Jiang_Effect/Saved/Config/Windows/Scalability.ini]
[2019.11.05-02.01.42:053][  0]LogConfig: Setting CVar [[foliage.DensityScale:1.0]]
[2019.11.05-02.01.42:053][  0]LogConfig: Setting CVar [[grass.DensityScale:1.0]]
[2019.11.05-02.01.42:053][  0]LogInit: Selected Device Profile: [Windows]
[2019.11.05-02.01.42:053][  0]LogInit: Applying CVar settings loaded from the selected device profile: [Windows]
[2019.11.05-02.01.42:065][  0]LogHAL: Display: Platform has ~ 16 GB [17128734720 / 17179869184 / 16], which maps to Larger [LargestMinGB=32, LargerMinGB=12, DefaultMinGB=8, SmallerMinGB=6, SmallestMinGB=0)
[2019.11.05-02.01.42:065][  0]LogConfig: Setting CVar [[r.Vulkan.UseRealUBs:0		; Required until we fix HLR fall-out]]
[2019.11.05-02.01.42:065][  0]LogInit: Going up to parent DeviceProfile []
[2019.11.05-02.01.42:065][  0]LogConfig: Applying CVar settings from Section [ViewDistanceQuality@3] File [E:/Iiyat_Art/RES_01/Jiang_Effect/Saved/Config/Windows/Scalability.ini]
[2019.11.05-02.01.42:065][  0]LogConfig: Setting CVar [[r.SkeletalMeshLODBias:0]]
[2019.11.05-02.01.42:065][  0]LogConfig: Setting CVar [[r.ViewDistanceScale:1.0]]
[2019.11.05-02.01.42:065][  0]LogConfig: Applying CVar settings from Section [AntiAliasingQuality@3] File [E:/Iiyat_Art/RES_01/Jiang_Effect/Saved/Config/Windows/Scalability.ini]
[2019.11.05-02.01.42:065][  0]LogConfig: Setting CVar [[r.PostProcessAAQuality:4]]
[2019.11.05-02.01.42:065][  0]LogConfig: Applying CVar settings from Section [ShadowQuality@3] File [E:/Iiyat_Art/RES_01/Jiang_Effect/Saved/Config/Windows/Scalability.ini]
[2019.11.05-02.01.42:065][  0]LogConfig: Setting CVar [[r.LightFunctionQuality:1]]
[2019.11.05-02.01.42:065][  0]LogConfig: Setting CVar [[r.ShadowQuality:5]]
[2019.11.05-02.01.42:065][  0]LogConfig: Setting CVar [[r.Shadow.CSM.MaxCascades:10]]
[2019.11.05-02.01.42:065][  0]LogConfig: Setting CVar [[r.Shadow.MaxResolution:2048]]
[2019.11.05-02.01.42:065][  0]LogConfig: Setting CVar [[r.Shadow.MaxCSMResolution:2048]]
[2019.11.05-02.01.42:065][  0]LogConfig: Setting CVar [[r.Shadow.RadiusThreshold:0.01]]
[2019.11.05-02.01.42:065][  0]LogConfig: Setting CVar [[r.Shadow.DistanceScale:1.0]]
[2019.11.05-02.01.42:065][  0]LogConfig: Setting CVar [[r.Shadow.CSM.TransitionScale:1.0]]
[2019.11.05-02.01.42:065][  0]LogConfig: Setting CVar [[r.Shadow.PreShadowResolutionFactor:1.0]]
[2019.11.05-02.01.42:065][  0]LogConfig: Setting CVar [[r.DistanceFieldShadowing:1]]
[2019.11.05-02.01.42:065][  0]LogConfig: Setting CVar [[r.DistanceFieldAO:1]]
[2019.11.05-02.01.42:065][  0]LogConfig: Setting CVar [[r.AOQuality:2]]
[2019.11.05-02.01.42:065][  0]LogConfig: Setting CVar [[r.VolumetricFog:1]]
[2019.11.05-02.01.42:065][  0]LogConfig: Setting CVar [[r.VolumetricFog.GridPixelSize:8]]
[2019.11.05-02.01.42:065][  0]LogConfig: Setting CVar [[r.VolumetricFog.GridSizeZ:128]]
[2019.11.05-02.01.42:065][  0]LogConfig: Setting CVar [[r.VolumetricFog.HistoryMissSupersampleCount:4]]
[2019.11.05-02.01.42:065][  0]LogConfig: Setting CVar [[r.LightMaxDrawDistanceScale:1]]
[2019.11.05-02.01.42:065][  0]LogConfig: Setting CVar [[r.CapsuleShadows:1]]
[2019.11.05-02.01.42:065][  0]LogConfig: Applying CVar settings from Section [PostProcessQuality@3] File [E:/Iiyat_Art/RES_01/Jiang_Effect/Saved/Config/Windows/Scalability.ini]
[2019.11.05-02.01.42:065][  0]LogConfig: Setting CVar [[r.MotionBlurQuality:4]]
[2019.11.05-02.01.42:065][  0]LogConfig: Setting CVar [[r.AmbientOcclusionMipLevelFactor:0.4]]
[2019.11.05-02.01.42:065][  0]LogConfig: Setting CVar [[r.AmbientOcclusionMaxQuality:100]]
[2019.11.05-02.01.42:065][  0]LogConfig: Setting CVar [[r.AmbientOcclusionLevels:-1]]
[2019.11.05-02.01.42:065][  0]LogConfig: Setting CVar [[r.AmbientOcclusionRadiusScale:1.0]]
[2019.11.05-02.01.42:065][  0]LogConfig: Setting CVar [[r.DepthOfFieldQuality:2]]
[2019.11.05-02.01.42:065][  0]LogConfig: Setting CVar [[r.RenderTargetPoolMin:400]]
[2019.11.05-02.01.42:065][  0]LogConfig: Setting CVar [[r.LensFlareQuality:2]]
[2019.11.05-02.01.42:065][  0]LogConfig: Setting CVar [[r.SceneColorFringeQuality:1]]
[2019.11.05-02.01.42:065][  0]LogConfig: Setting CVar [[r.EyeAdaptationQuality:2]]
[2019.11.05-02.01.42:065][  0]LogConfig: Setting CVar [[r.BloomQuality:5]]
[2019.11.05-02.01.42:065][  0]LogConfig: Setting CVar [[r.FastBlurThreshold:100]]
[2019.11.05-02.01.42:065][  0]LogConfig: Setting CVar [[r.Upscale.Quality:3]]
[2019.11.05-02.01.42:065][  0]LogConfig: Setting CVar [[r.Tonemapper.GrainQuantization:1]]
[2019.11.05-02.01.42:065][  0]LogConfig: Setting CVar [[r.LightShaftQuality:1]]
[2019.11.05-02.01.42:065][  0]LogConfig: Setting CVar [[r.Filter.SizeScale:1]]
[2019.11.05-02.01.42:065][  0]LogConfig: Setting CVar [[r.Tonemapper.Quality:5]]
[2019.11.05-02.01.42:065][  0]LogConfig: Setting CVar [[r.DOF.Gather.AccumulatorQuality:1        ; higher gathering accumulator quality]]
[2019.11.05-02.01.42:065][  0]LogConfig: Setting CVar [[r.DOF.Gather.PostfilterMethod:1          ; Median3x3 postfilering method]]
[2019.11.05-02.01.42:065][  0]LogConfig: Setting CVar [[r.DOF.Gather.EnableBokehSettings:0       ; no bokeh simulation when gathering]]
[2019.11.05-02.01.42:065][  0]LogConfig: Setting CVar [[r.DOF.Gather.RingCount:4                 ; medium number of samples when gathering]]
[2019.11.05-02.01.42:065][  0]LogConfig: Setting CVar [[r.DOF.Scatter.ForegroundCompositing:1    ; additive foreground scattering]]
[2019.11.05-02.01.42:065][  0]LogConfig: Setting CVar [[r.DOF.Scatter.BackgroundCompositing:2    ; additive background scattering]]
[2019.11.05-02.01.42:066][  0]LogConfig: Setting CVar [[r.DOF.Scatter.EnableBokehSettings:1      ; bokeh simulation when scattering]]
[2019.11.05-02.01.42:066][  0]LogConfig: Setting CVar [[r.DOF.Scatter.MaxSpriteRatio:0.1         ; only a maximum of 10% of scattered bokeh]]
[2019.11.05-02.01.42:066][  0]LogConfig: Setting CVar [[r.DOF.Recombine.Quality:1                ; cheap slight out of focus]]
[2019.11.05-02.01.42:066][  0]LogConfig: Setting CVar [[r.DOF.Recombine.EnableBokehSettings:0    ; no bokeh simulation on slight out of focus]]
[2019.11.05-02.01.42:066][  0]LogConfig: Setting CVar [[r.DOF.TemporalAAQuality:1                ; more stable temporal accumulation]]
[2019.11.05-02.01.42:066][  0]LogConfig: Setting CVar [[r.DOF.Kernel.MaxForegroundRadius:0.025]]
[2019.11.05-02.01.42:066][  0]LogConfig: Setting CVar [[r.DOF.Kernel.MaxBackgroundRadius:0.025]]
[2019.11.05-02.01.42:066][  0]LogConfig: Applying CVar settings from Section [TextureQuality@3] File [E:/Iiyat_Art/RES_01/Jiang_Effect/Saved/Config/Windows/Scalability.ini]
[2019.11.05-02.01.42:066][  0]LogConfig: Setting CVar [[r.Streaming.MipBias:0]]
[2019.11.05-02.01.42:066][  0]LogConfig: Setting CVar [[r.Streaming.AmortizeCPUToGPUCopy:0]]
[2019.11.05-02.01.42:066][  0]LogConfig: Setting CVar [[r.Streaming.MaxNumTexturesToStreamPerFrame:0]]
[2019.11.05-02.01.42:066][  0]LogConfig: Setting CVar [[r.Streaming.Boost:1]]
[2019.11.05-02.01.42:066][  0]LogConfig: Setting CVar [[r.MaxAnisotropy:8]]
[2019.11.05-02.01.42:066][  0]LogConfig: Setting CVar [[r.Streaming.LimitPoolSizeToVRAM:0]]
[2019.11.05-02.01.42:066][  0]LogConfig: Setting CVar [[r.Streaming.PoolSize:1000]]
[2019.11.05-02.01.42:066][  0]LogConfig: Setting CVar [[r.Streaming.MaxEffectiveScreenSize:0]]
[2019.11.05-02.01.42:066][  0]LogConfig: Applying CVar settings from Section [EffectsQuality@3] File [E:/Iiyat_Art/RES_01/Jiang_Effect/Saved/Config/Windows/Scalability.ini]
[2019.11.05-02.01.42:066][  0]LogConfig: Setting CVar [[r.TranslucencyLightingVolumeDim:64]]
[2019.11.05-02.01.42:066][  0]LogConfig: Setting CVar [[r.RefractionQuality:2]]
[2019.11.05-02.01.42:066][  0]LogConfig: Setting CVar [[r.SSR.Quality:3]]
[2019.11.05-02.01.42:066][  0]LogConfig: Setting CVar [[r.SceneColorFormat:4]]
[2019.11.05-02.01.42:066][  0]LogConfig: Setting CVar [[r.DetailMode:2]]
[2019.11.05-02.01.42:066][  0]LogConfig: Setting CVar [[r.TranslucencyVolumeBlur:1]]
[2019.11.05-02.01.42:066][  0]LogConfig: Setting CVar [[r.MaterialQualityLevel:1 ; High quality]]
[2019.11.05-02.01.42:066][  0]LogConfig: Setting CVar [[r.SSS.Scale:1]]
[2019.11.05-02.01.42:066][  0]LogConfig: Setting CVar [[r.SSS.SampleSet:2]]
[2019.11.05-02.01.42:066][  0]LogConfig: Setting CVar [[r.SSS.Quality:1]]
[2019.11.05-02.01.42:066][  0]LogConfig: Setting CVar [[r.SSS.HalfRes:1]]
[2019.11.05-02.01.42:066][  0]LogConfig: Setting CVar [[r.EmitterSpawnRateScale:1.0]]
[2019.11.05-02.01.42:066][  0]LogConfig: Setting CVar [[r.ParticleLightQuality:2]]
[2019.11.05-02.01.42:066][  0]LogConfig: Applying CVar settings from Section [FoliageQuality@3] File [E:/Iiyat_Art/RES_01/Jiang_Effect/Saved/Config/Windows/Scalability.ini]
[2019.11.05-02.01.42:066][  0]LogConfig: Setting CVar [[foliage.DensityScale:1.0]]
[2019.11.05-02.01.42:066][  0]LogConfig: Setting CVar [[grass.DensityScale:1.0]]
[2019.11.05-02.01.42:066][  0]LogConfig: Applying CVar settings from Section [Startup] File [../../../Engine/Config/ConsoleVariables.ini]
[2019.11.05-02.01.42:066][  0]LogConfig: Setting CVar [[net.UseAdaptiveNetUpdateFrequency:0]]
[2019.11.05-02.01.42:066][  0]LogConfig: Setting CVar [[p.chaos.AllowCreatePhysxBodies:1]]
[2019.11.05-02.01.42:066][  0]LogConfig: Applying CVar settings from Section [ConsoleVariables] File [E:/Iiyat_Art/RES_01/Jiang_Effect/Saved/Config/Windows/Engine.ini]
[2019.11.05-02.01.42:067][  0]LogInit: Computer: DESKTOP-RMBGRUF
[2019.11.05-02.01.42:067][  0]LogInit: User: Loveasy
[2019.11.05-02.01.42:067][  0]LogInit: CPU Page size=4096, Cores=8
[2019.11.05-02.01.42:067][  0]LogInit: High frequency timer resolution =10.000000 MHz
[2019.11.05-02.01.42:067][  0]LogMemory: Memory total: Physical=16.0GB (16GB approx)
[2019.11.05-02.01.42:067][  0]LogMemory: Platform Memory Stats for Windows
[2019.11.05-02.01.42:067][  0]LogMemory: Process Physical Memory: 99.11 MB used, 99.11 MB peak
[2019.11.05-02.01.42:067][  0]LogMemory: Process Virtual Memory: 94.21 MB used, 94.21 MB peak
[2019.11.05-02.01.42:067][  0]LogMemory: Physical Memory: 8101.90 MB used,  8233.33 MB free, 16335.23 MB total
[2019.11.05-02.01.42:067][  0]LogMemory: Virtual Memory: 4680.70 MB used,  134213048.00 MB free, 134217728.00 MB total
[2019.11.05-02.01.42:103][  0]LogInit: Overriding language with editor language configuration option (zh-CN).
[2019.11.05-02.01.42:103][  0]LogInit: Overriding locale with editor locale configuration option (zh-CN).
[2019.11.05-02.01.42:105][  0]LogTextLocalizationResource: LocRes '../../../Engine/Content/Localization/Editor/zh-Hans-CN/Editor.locres' could not be opened for reading!
[2019.11.05-02.01.42:105][  0]LogTextLocalizationResource: LocRes '../../../Engine/Content/Localization/EditorTutorials/zh-Hans-CN/EditorTutorials.locres' could not be opened for reading!
[2019.11.05-02.01.42:105][  0]LogTextLocalizationResource: LocRes '../../../Engine/Content/Localization/Keywords/zh-Hans-CN/Keywords.locres' could not be opened for reading!
[2019.11.05-02.01.42:105][  0]LogTextLocalizationResource: LocRes '../../../Engine/Content/Localization/Category/zh-Hans-CN/Category.locres' could not be opened for reading!
[2019.11.05-02.01.42:105][  0]LogTextLocalizationResource: LocRes '../../../Engine/Content/Localization/ToolTips/zh-Hans-CN/ToolTips.locres' could not be opened for reading!
[2019.11.05-02.01.42:105][  0]LogTextLocalizationResource: LocRes '../../../Engine/Content/Localization/PropertyNames/zh-Hans-CN/PropertyNames.locres' could not be opened for reading!
[2019.11.05-02.01.42:105][  0]LogTextLocalizationResource: LocRes '../../../Engine/Content/Localization/Engine/zh-Hans-CN/Engine.locres' could not be opened for reading!
[2019.11.05-02.01.42:105][  0]LogTextLocalizationResource: LocRes '../../../Engine/Plugins/Online/Android/OnlineSubsystemGooglePlay/Content/Localization/OnlineSubsystemGooglePlay/zh-Hans-CN/OnlineSubsystemGooglePlay.locres' could not be opened for reading!
[2019.11.05-02.01.42:106][  0]LogTextLocalizationResource: LocRes '../../../Engine/Plugins/Online/IOS/OnlineSubsystemIOS/Content/Localization/OnlineSubsystemIOS/zh-Hans-CN/OnlineSubsystemIOS.locres' could not be opened for reading!
[2019.11.05-02.01.42:106][  0]LogTextLocalizationResource: LocRes '../../../Engine/Plugins/Online/OnlineSubsystem/Content/Localization/OnlineSubsystem/zh-Hans-CN/OnlineSubsystem.locres' could not be opened for reading!
[2019.11.05-02.01.42:106][  0]LogTextLocalizationResource: LocRes '../../../Engine/Plugins/Online/OnlineSubsystemUtils/Content/Localization/OnlineSubsystemUtils/zh-Hans-CN/OnlineSubsystemUtils.locres' could not be opened for reading!
[2019.11.05-02.01.42:176][  0]LogTextLocalizationResource: LocRes '../../../Engine/Plugins/Online/Android/OnlineSubsystemGooglePlay/Content/Localization/OnlineSubsystemGooglePlay/zh-CN/OnlineSubsystemGooglePlay.locres' could not be opened for reading!
[2019.11.05-02.01.42:176][  0]LogTextLocalizationResource: LocRes '../../../Engine/Plugins/Online/IOS/OnlineSubsystemIOS/Content/Localization/OnlineSubsystemIOS/zh-CN/OnlineSubsystemIOS.locres' could not be opened for reading!
[2019.11.05-02.01.42:176][  0]LogTextLocalizationResource: LocRes '../../../Engine/Plugins/Online/OnlineSubsystem/Content/Localization/OnlineSubsystem/zh-CN/OnlineSubsystem.locres' could not be opened for reading!
[2019.11.05-02.01.42:176][  0]LogTextLocalizationResource: LocRes '../../../Engine/Plugins/Online/OnlineSubsystemUtils/Content/Localization/OnlineSubsystemUtils/zh-CN/OnlineSubsystemUtils.locres' could not be opened for reading!
[2019.11.05-02.01.42:176][  0]LogTextLocalizationResource: LocRes '../../../Engine/Content/Localization/Editor/zh-Hans/Editor.locres' could not be opened for reading!
[2019.11.05-02.01.42:176][  0]LogTextLocalizationResource: LocRes '../../../Engine/Content/Localization/EditorTutorials/zh-Hans/EditorTutorials.locres' could not be opened for reading!
[2019.11.05-02.01.42:176][  0]LogTextLocalizationResource: LocRes '../../../Engine/Content/Localization/Keywords/zh-Hans/Keywords.locres' could not be opened for reading!
[2019.11.05-02.01.42:176][  0]LogTextLocalizationResource: LocRes '../../../Engine/Content/Localization/Category/zh-Hans/Category.locres' could not be opened for reading!
[2019.11.05-02.01.42:177][  0]LogTextLocalizationResource: LocRes '../../../Engine/Content/Localization/ToolTips/zh-Hans/ToolTips.locres' could not be opened for reading!
[2019.11.05-02.01.42:177][  0]LogTextLocalizationResource: LocRes '../../../Engine/Content/Localization/PropertyNames/zh-Hans/PropertyNames.locres' could not be opened for reading!
[2019.11.05-02.01.42:177][  0]LogTextLocalizationResource: LocRes '../../../Engine/Content/Localization/Engine/zh-Hans/Engine.locres' could not be opened for reading!
[2019.11.05-02.01.42:178][  0]LogTextLocalizationResource: LocRes '../../../Engine/Content/Localization/Editor/zh/Editor.locres' could not be opened for reading!
[2019.11.05-02.01.42:178][  0]LogTextLocalizationResource: LocRes '../../../Engine/Content/Localization/EditorTutorials/zh/EditorTutorials.locres' could not be opened for reading!
[2019.11.05-02.01.42:178][  0]LogTextLocalizationResource: LocRes '../../../Engine/Content/Localization/Keywords/zh/Keywords.locres' could not be opened for reading!
[2019.11.05-02.01.42:178][  0]LogTextLocalizationResource: LocRes '../../../Engine/Content/Localization/Category/zh/Category.locres' could not be opened for reading!
[2019.11.05-02.01.42:178][  0]LogTextLocalizationResource: LocRes '../../../Engine/Content/Localization/ToolTips/zh/ToolTips.locres' could not be opened for reading!
[2019.11.05-02.01.42:178][  0]LogTextLocalizationResource: LocRes '../../../Engine/Content/Localization/PropertyNames/zh/PropertyNames.locres' could not be opened for reading!
[2019.11.05-02.01.42:178][  0]LogTextLocalizationResource: LocRes '../../../Engine/Content/Localization/Engine/zh/Engine.locres' could not be opened for reading!
[2019.11.05-02.01.42:179][  0]LogTextLocalizationResource: LocRes '../../../Engine/Plugins/Online/Android/OnlineSubsystemGooglePlay/Content/Localization/OnlineSubsystemGooglePlay/zh/OnlineSubsystemGooglePlay.locres' could not be opened for reading!
[2019.11.05-02.01.42:179][  0]LogTextLocalizationResource: LocRes '../../../Engine/Plugins/Online/IOS/OnlineSubsystemIOS/Content/Localization/OnlineSubsystemIOS/zh/OnlineSubsystemIOS.locres' could not be opened for reading!
[2019.11.05-02.01.42:179][  0]LogTextLocalizationResource: LocRes '../../../Engine/Plugins/Online/OnlineSubsystem/Content/Localization/OnlineSubsystem/zh/OnlineSubsystem.locres' could not be opened for reading!
[2019.11.05-02.01.42:179][  0]LogTextLocalizationResource: LocRes '../../../Engine/Plugins/Online/OnlineSubsystemUtils/Content/Localization/OnlineSubsystemUtils/zh/OnlineSubsystemUtils.locres' could not be opened for reading!
[2019.11.05-02.01.42:213][  0]LogInit: Setting process to per monitor DPI aware
[2019.11.05-02.01.42:265][  0]LogSlate: New Slate User Created.  User Index 0, Is Virtual User: 0
[2019.11.05-02.01.42:265][  0]LogSlate: Slate User Registered.  User Index 0, Is Virtual User: 0
[2019.11.05-02.01.42:614][  0]LogHMD: Failed to initialize OpenVR with code 110
[2019.11.05-02.01.42:614][  0]LogD3D11RHI: D3D11 adapters:
[2019.11.05-02.01.42:768][  0]LogD3D11RHI:    0. 'NVIDIA GeForce GTX 1060 3GB' (Feature Level 11_0)
[2019.11.05-02.01.42:768][  0]LogD3D11RHI:       2988/0/8167 MB DedicatedVideo/DedicatedSystem/SharedSystem, Outputs:2, VendorId:0x10de
[2019.11.05-02.01.42:772][  0]LogD3D11RHI:    1. 'Microsoft Basic Render Driver' (Feature Level 11_0)
[2019.11.05-02.01.42:772][  0]LogD3D11RHI:       0/0/8167 MB DedicatedVideo/DedicatedSystem/SharedSystem, Outputs:0, VendorId:0x1414
[2019.11.05-02.01.42:772][  0]LogD3D11RHI: Chosen D3D11 Adapter: 0
[2019.11.05-02.01.42:789][  0]LogD3D11RHI: Creating new Direct3DDevice
[2019.11.05-02.01.42:789][  0]LogD3D11RHI:     GPU DeviceId: 0x1c02 (for the marketing name, search the web for "GPU Device Id")
[2019.11.05-02.01.42:789][  0]LogWindows: EnumDisplayDevices:
[2019.11.05-02.01.42:789][  0]LogWindows:    0. 'NVIDIA GeForce GTX 1060 3GB' (P:0 D:1)
[2019.11.05-02.01.42:791][  0]LogWindows:    1. 'NVIDIA GeForce GTX 1060 3GB' (P:1 D:1)
[2019.11.05-02.01.42:792][  0]LogWindows:    2. 'NVIDIA GeForce GTX 1060 3GB' (P:0 D:0)
[2019.11.05-02.01.42:793][  0]LogWindows:    3. 'NVIDIA GeForce GTX 1060 3GB' (P:0 D:0)
[2019.11.05-02.01.42:794][  0]LogWindows: DebugString: FoundDriverCount:4 
[2019.11.05-02.01.42:794][  0]LogD3D11RHI:     Adapter Name: NVIDIA GeForce GTX 1060 3GB
[2019.11.05-02.01.42:794][  0]LogD3D11RHI:   Driver Version: 440.97 (internal:26.21.14.4097, unified:440.97)
[2019.11.05-02.01.42:794][  0]LogD3D11RHI:      Driver Date: 10-16-2019
[2019.11.05-02.01.42:794][  0]LogRHI: Texture pool is 2091 MB (70% of 2988 MB)
[2019.11.05-02.01.42:896][  0]LogD3D11RHI: Async texture creation enabled
[2019.11.05-02.01.42:919][  0]LogRendererCore: FGlobalReadBuffer::InitRHI
[2019.11.05-02.01.42:920][  0]LogRendererCore: FGlobalReadBuffer::InitRHI
[2019.11.05-02.01.42:920][  0]LogRendererCore: FGlobalReadBuffer::InitRHI
[2019.11.05-02.01.42:931][  0]LogD3D11RHI: GPU Timing Frequency: 1000.000000 (Debug: 2 1)
[2019.11.05-02.01.43:611][  0]LogTemp: Display: Module 'AllDesktopTargetPlatform' loaded TargetPlatform 'AllDesktop'
[2019.11.05-02.01.43:634][  0]LogTemp: Display: Module 'MacClientTargetPlatform' loaded TargetPlatform 'MacClient'
[2019.11.05-02.01.43:659][  0]LogTemp: Display: Module 'MacNoEditorTargetPlatform' loaded TargetPlatform 'MacNoEditor'
[2019.11.05-02.01.43:683][  0]LogTemp: Display: Module 'MacServerTargetPlatform' loaded TargetPlatform 'MacServer'
[2019.11.05-02.01.43:706][  0]LogTemp: Display: Module 'MacTargetPlatform' loaded TargetPlatform 'Mac'
[2019.11.05-02.01.43:732][  0]LogTemp: Display: Module 'WindowsClientTargetPlatform' loaded TargetPlatform 'WindowsClient'
[2019.11.05-02.01.43:754][  0]LogTemp: Display: Module 'WindowsNoEditorTargetPlatform' loaded TargetPlatform 'WindowsNoEditor'
[2019.11.05-02.01.43:776][  0]LogTemp: Display: Module 'WindowsServerTargetPlatform' loaded TargetPlatform 'WindowsServer'
[2019.11.05-02.01.43:786][  0]LogTemp: Display: Module 'WindowsTargetPlatform' loaded TargetPlatform 'Windows'
[2019.11.05-02.01.43:932][  0]LogTemp: Display: Module 'AndroidTargetPlatform' loaded TargetPlatform 'Android'
[2019.11.05-02.01.43:932][  0]LogTemp: Display: Module 'AndroidTargetPlatform' loaded TargetPlatform 'Android_ASTC'
[2019.11.05-02.01.43:932][  0]LogTemp: Display: Module 'AndroidTargetPlatform' loaded TargetPlatform 'Android_ATC'
[2019.11.05-02.01.43:932][  0]LogTemp: Display: Module 'AndroidTargetPlatform' loaded TargetPlatform 'Android_DXT'
[2019.11.05-02.01.43:932][  0]LogTemp: Display: Module 'AndroidTargetPlatform' loaded TargetPlatform 'Android_ETC1'
[2019.11.05-02.01.43:932][  0]LogTemp: Display: Module 'AndroidTargetPlatform' loaded TargetPlatform 'Android_ETC1a'
[2019.11.05-02.01.43:932][  0]LogTemp: Display: Module 'AndroidTargetPlatform' loaded TargetPlatform 'Android_ETC2'
[2019.11.05-02.01.43:932][  0]LogTemp: Display: Module 'AndroidTargetPlatform' loaded TargetPlatform 'Android_PVRTC'
[2019.11.05-02.01.43:932][  0]LogTemp: Display: Module 'AndroidTargetPlatform' loaded TargetPlatform 'AndroidClient'
[2019.11.05-02.01.43:932][  0]LogTemp: Display: Module 'AndroidTargetPlatform' loaded TargetPlatform 'Android_ASTCClient'
[2019.11.05-02.01.43:932][  0]LogTemp: Display: Module 'AndroidTargetPlatform' loaded TargetPlatform 'Android_ATCClient'
[2019.11.05-02.01.43:932][  0]LogTemp: Display: Module 'AndroidTargetPlatform' loaded TargetPlatform 'Android_DXTClient'
[2019.11.05-02.01.43:932][  0]LogTemp: Display: Module 'AndroidTargetPlatform' loaded TargetPlatform 'Android_ETC1Client'
[2019.11.05-02.01.43:932][  0]LogTemp: Display: Module 'AndroidTargetPlatform' loaded TargetPlatform 'Android_ETC1aClient'
[2019.11.05-02.01.43:932][  0]LogTemp: Display: Module 'AndroidTargetPlatform' loaded TargetPlatform 'Android_ETC2Client'
[2019.11.05-02.01.43:932][  0]LogTemp: Display: Module 'AndroidTargetPlatform' loaded TargetPlatform 'Android_PVRTCClient'
[2019.11.05-02.01.43:932][  0]LogTemp: Display: Module 'AndroidTargetPlatform' loaded TargetPlatform 'Android_Multi'
[2019.11.05-02.01.43:932][  0]LogTemp: Display: Module 'AndroidTargetPlatform' loaded TargetPlatform 'Android_MultiClient'
[2019.11.05-02.01.43:938][  0]LogTemp: Display: Module 'HTML5TargetPlatform' loaded TargetPlatform 'HTML5'
[2019.11.05-02.01.44:005][  0]LogTemp: Display: Module 'IOSTargetPlatform' loaded TargetPlatform 'IOSClient'
[2019.11.05-02.01.44:005][  0]LogTemp: Display: Module 'IOSTargetPlatform' loaded TargetPlatform 'IOS'
[2019.11.05-02.01.44:053][  0]LogTemp: Display: Module 'TVOSTargetPlatform' loaded TargetPlatform 'TVOSClient'
[2019.11.05-02.01.44:053][  0]LogTemp: Display: Module 'TVOSTargetPlatform' loaded TargetPlatform 'TVOS'
[2019.11.05-02.01.44:076][  0]LogTemp: Display: Module 'LinuxClientTargetPlatform' loaded TargetPlatform 'LinuxClient'
[2019.11.05-02.01.44:095][  0]LogTemp: Display: Module 'LinuxNoEditorTargetPlatform' loaded TargetPlatform 'LinuxNoEditor'
[2019.11.05-02.01.44:117][  0]LogTemp: Display: Module 'LinuxServerTargetPlatform' loaded TargetPlatform 'LinuxServer'
[2019.11.05-02.01.44:139][  0]LogTemp: Display: Module 'LinuxTargetPlatform' loaded TargetPlatform 'Linux'
[2019.11.05-02.01.44:232][  0]LogTemp: Display: Module 'LuminTargetPlatform' loaded TargetPlatform 'Lumin'
[2019.11.05-02.01.44:232][  0]LogTemp: Display: Module 'LuminTargetPlatform' loaded TargetPlatform 'LuminClient'
[2019.11.05-02.01.44:232][  0]LogTargetPlatformManager: Display: Building Assets For Windows
[2019.11.05-02.01.44:243][  0]LogAudioDebug: Display: Lib vorbis DLL was dynamically loaded.
[2019.11.05-02.01.44:331][  0]LogShaderCompilers: Guid format shader working directory is 3 characters bigger than the processId version (../../../../../Iiyat_Art/RES_01/Jiang_Effect/Intermediate/Shaders/WorkingDirectory/30392/).
[2019.11.05-02.01.44:332][  0]LogShaderCompilers: Cleaned the shader compiler working directory 'C:/Users/Loveasy/AppData/Local/Temp/UnrealShaderWorkingDir/18605964491DE23E935ABFBD7E2C4606/'.
[2019.11.05-02.01.44:335][  0]LogXGEController: Cannot use XGE Controller as Incredibuild is not installed on this machine.
[2019.11.05-02.01.44:336][  0]LogShaderCompilers: Cannot use XGE Shader Compiler as Incredibuild is not installed on this machine.
[2019.11.05-02.01.44:336][  0]LogShaderCompilers: Display: Using Local Shader Compiler.
[2019.11.05-02.01.45:410][  0]LogDerivedDataCache: Display: Max Cache Size: 512 MB
[2019.11.05-02.01.45:538][  0]LogDerivedDataCache: Loaded boot cache 0.13s 71MB C:/Users/Loveasy/AppData/Local/UnrealEngine/4.22/DerivedDataCache/Boot.ddc.
[2019.11.05-02.01.45:538][  0]LogDerivedDataCache: Display: Loaded Boot cache: C:/Users/Loveasy/AppData/Local/UnrealEngine/4.22/DerivedDataCache/Boot.ddc
[2019.11.05-02.01.45:540][  0]LogDerivedDataCache: FDerivedDataBackendGraph:  Pak pak cache file ../../../../../Iiyat_Art/RES_01/Jiang_Effect/DerivedDataCache/DDC.ddp not found, will not use a pak cache.
[2019.11.05-02.01.45:540][  0]LogDerivedDataCache: Unable to find inner node Pak for hierarchical cache Hierarchy.
[2019.11.05-02.01.45:540][  0]LogDerivedDataCache: FDerivedDataBackendGraph:  CompressedPak pak cache file ../../../../../Iiyat_Art/RES_01/Jiang_Effect/DerivedDataCache/Compressed.ddp not found, will not use a pak cache.
[2019.11.05-02.01.45:540][  0]LogDerivedDataCache: Unable to find inner node CompressedPak for hierarchical cache Hierarchy.
[2019.11.05-02.01.45:566][  0]LogDerivedDataCache: Display: Pak cache opened for reading ../../../Engine/DerivedDataCache/Compressed.ddp.
[2019.11.05-02.01.45:566][  0]LogDerivedDataCache: FDerivedDataBackendGraph:  EnterprisePak pak cache file ../../../Enterprise/DerivedDataCache/Compressed.ddp not found, will not use a pak cache.
[2019.11.05-02.01.45:566][  0]LogDerivedDataCache: Unable to find inner node EnterprisePak for hierarchical cache Hierarchy.
[2019.11.05-02.01.45:580][  0]LogDerivedDataCache: Using Local data cache path ../../../../../Iiyat_Art/RES_01/Jiang_Effect/DerivedDataCache: Writable
[2019.11.05-02.01.45:580][  0]LogDerivedDataCache: Shared data cache path not found in *engine.ini, will not use an Shared cache.
[2019.11.05-02.01.45:580][  0]LogDerivedDataCache: Unable to find inner node Shared for hierarchical cache Hierarchy.
[2019.11.05-02.01.45:622][  0]LogMaterial: Verifying Global Shaders for PCD3D_SM5
[2019.11.05-02.01.45:625][  0]LogSlate: Using FreeType 2.6.0
[2019.11.05-02.01.45:626][  0]LogSlate: SlateFontServices - WITH_FREETYPE: 1, WITH_HARFBUZZ: 1
[2019.11.05-02.01.45:751][  0]LogAssetRegistry: FAssetRegistry took 0.0392 seconds to start up
[2019.11.05-02.01.46:429][  0]LogInit: Selected Device Profile: [Windows]
[2019.11.05-02.01.46:714][  0]LogMeshReduction: Using QuadricMeshReduction for automatic static mesh reduction
[2019.11.05-02.01.46:714][  0]LogMeshReduction: Using SimplygonMeshReduction for automatic skeletal mesh reduction
[2019.11.05-02.01.46:714][  0]LogMeshReduction: Using ProxyLODMeshReduction for automatic mesh merging
[2019.11.05-02.01.46:714][  0]LogMeshReduction: No distributed automatic mesh merging module available
[2019.11.05-02.01.46:714][  0]LogMeshMerging: No distributed automatic mesh merging module available
[2019.11.05-02.01.46:739][  0]LogNetVersion: Jiang_Effect 1.0.0, NetCL: 5660361, EngineNetVer: 10, GameNetVer: 0 (Checksum: 3514974069)
[2019.11.05-02.01.47:830][  0]LogPackageLocalizationCache: Processed 11 localized package path(s) for 4 prioritized culture(s) in 0.313864 seconds
[2019.11.05-02.01.47:843][  0]LogUObjectArray: 42205 objects as part of root set at end of initial load.
[2019.11.05-02.01.47:843][  0]LogUObjectAllocator: 7325032 out of 0 bytes used by permanent object pool.
[2019.11.05-02.01.47:843][  0]LogUObjectArray: CloseDisregardForGC: 0/0 objects in disregard for GC pool
[2019.11.05-02.01.49:086][  0]LogTcpMessaging: Initializing TcpMessaging bridge
[2019.11.05-02.01.49:100][  0]LogUdpMessaging: Initializing bridge on interface 0.0.0.0:0 to multicast group 230.0.0.1:6666.
[2019.11.05-02.01.49:242][  0]SourceControl: 源码控制已禁用
[2019.11.05-02.01.49:242][  0]SourceControl: 源码控制已禁用
[2019.11.05-02.01.49:243][  0]SourceControl: 源码控制已禁用
[2019.11.05-02.01.49:245][  0]SourceControl: 源码控制已禁用
[2019.11.05-02.01.49:360][  0]LogAndroidPermission: UAndroidPermissionCallbackProxy::GetInstance
[2019.11.05-02.01.49:527][  0]LogHoudiniEngine: Starting the Houdini Engine module.
[2019.11.05-02.01.49:529][  0]LogHoudiniEngine: Loaded libHAPIL.dll from Registry path C:/Program Files/Side Effects Software/Houdini 17.5.325/bin
[2019.11.05-02.01.49:530][  0]LogLinker: Warning: Asset '../../Plugins/Runtime/HoudiniEngine/Content/houdini_logo.uasset' has been saved with empty engine version. The asset will be loaded but may be incompatible.
[2019.11.05-02.01.49:537][  0]LogLinker: Warning: Asset '../../Plugins/Runtime/HoudiniEngine/Content/houdini_default_material.uasset' has been saved with empty engine version. The asset will be loaded but may be incompatible.
[2019.11.05-02.01.49:548][  0]LogLinker: Warning: Asset '../../Plugins/Runtime/HoudiniEngine/Content/houdini_bgeo_import.uasset' has been saved with empty engine version. The asset will be loaded but may be incompatible.
[2019.11.05-02.01.49:571][  0]LogOcInput: OculusInput pre-init called
[2019.11.05-02.01.50:662][  0]LogEngine: Initializing Engine...
[2019.11.05-02.01.50:665][  0]LogHMD: Failed to initialize OpenVR with code 110
[2019.11.05-02.01.50:667][  0]LogStats: UGameplayTagsManager::InitializeManager -  0.000 s
[2019.11.05-02.01.50:970][  0]LogInit: Initializing FReadOnlyCVARCache
[2019.11.05-02.01.50:984][  0]LogAIModule: Creating AISystem for world Untitled
[2019.11.05-02.01.51:019][  0]LogInit: XAudio2 using 'Realtek Digital Output (Realtek High Definition Audio)' : 2 channels at 48 kHz using 16 bits per sample (channel mask 0x3)
[2019.11.05-02.01.51:103][  0]LogInit: FAudioDevice initialized.
[2019.11.05-02.01.51:104][  0]LogNetVersion: Set ProjectVersion to 1.0.0.0. Version Checksum will be recalculated on next use.
[2019.11.05-02.01.51:462][  0]LogDerivedDataCache: Saved boot cache 0.36s 71MB C:/Users/Loveasy/AppData/Local/UnrealEngine/4.22/DerivedDataCache/Boot.ddc.
[2019.11.05-02.01.51:466][  0]LogInit: Texture streaming: Enabled
[2019.11.05-02.01.51:491][  0]LogEngineSessionManager: EngineSessionManager initialized
[2019.11.05-02.01.51:525][  0]LogInit: Transaction tracking system initialized
[2019.11.05-02.01.51:559][  0]BlueprintLog: New page: 编辑器加载
[2019.11.05-02.01.51:668][  0]LocalizationService: 本地化服务已禁用
[2019.11.05-02.01.52:068][  0]LogCook: Display: Max memory allowance for cook 16384mb min free memory 0mb
[2019.11.05-02.01.52:068][  0]LogCook: Display: Mobile HDR setting 1
[2019.11.05-02.01.52:254][  0]LogFileCache: Scanning file cache for directory 'E:/Iiyat_Art/RES_01/Jiang_Effect/Content/' took 0.06s
[2019.11.05-02.01.52:254][  0]LogHoudiniEngineEditor: Starting the Houdini Engine Editor module.
[2019.11.05-02.01.52:256][  0]LogHoudiniEngineEditor: Houdini Engine Editor module startup complete.
[2019.11.05-02.01.52:379][  0]SourceControl: 源码控制已禁用
[2019.11.05-02.01.52:379][  0]Cmd: MAP LOAD FILE="../../../Engine/Content/Maps/Templates/Template_Default.umap" TEMPLATE=1 SHOWPROGRESS=1 FEATURELEVEL=3
[2019.11.05-02.01.52:380][  0]LightingResults: New page: 光照构建
[2019.11.05-02.01.52:382][  0]MapCheck: New page: 地图检测
[2019.11.05-02.01.52:382][  0]LightingResults: New page: 光照构建
[2019.11.05-02.01.52:427][  0]LogUObjectHash: Compacting FUObjectHashTables data took   1.93ms
[2019.11.05-02.01.52:536][  0]LogAIModule: Creating AISystem for world Untitled_1
[2019.11.05-02.01.52:543][  0]LogEditorServer: Finished looking for orphan Actors (0.000 secs)
[2019.11.05-02.01.52:587][  0]LogUObjectHash: Compacting FUObjectHashTables data took   2.41ms
[2019.11.05-02.01.52:587][  0]Cmd: MAP CHECKDEP NOCLEARLOG
[2019.11.05-02.01.52:587][  0]MapCheck: 地图检测完成：0个错误，0 个警告，用时0.123毫秒完成。
[2019.11.05-02.01.52:587][  0]LogFileHelpers: Loading map 'Template_Default' took 0.208
[2019.11.05-02.01.52:774][  0]LogSlate: Updating window title bar state: overlay mode, drag disabled, window buttons hidden, title bar hidden
[2019.11.05-02.01.52:787][  0]LogSlate: Updating window title bar state: overlay mode, drag disabled, window buttons hidden, title bar hidden
[2019.11.05-02.01.52:797][  0]LogSlate: Updating window title bar state: overlay mode, drag disabled, window buttons hidden, title bar hidden
[2019.11.05-02.01.52:808][  0]LogSlate: Updating window title bar state: overlay mode, drag disabled, window buttons hidden, title bar hidden
[2019.11.05-02.01.52:819][  0]LogCollectionManager: Loaded 0 collections in 0.001694 seconds
[2019.11.05-02.01.52:875][  0]LogFileCache: Scanning file cache for directory 'E:/Iiyat_Art/RES_01/Jiang_Effect/Saved/Collections/' took 0.01s
[2019.11.05-02.01.52:876][  0]LogFileCache: Scanning file cache for directory 'E:/Iiyat_Art/RES_01/Jiang_Effect/Content/Developers/Loveasy/Collections/' took 0.01s
[2019.11.05-02.01.52:876][  0]LogFileCache: Scanning file cache for directory 'E:/Iiyat_Art/RES_01/Jiang_Effect/Content/Collections/' took 0.01s
[2019.11.05-02.01.52:876][  0]LogCollectionManager: Rebuilt the GUID cache for 0 collections in 0.000001 seconds
[2019.11.05-02.01.52:894][  0]LogContentBrowser: Native class hierarchy populated in 0.0165 seconds. Added 2769 classes and 666 folders.
[2019.11.05-02.01.52:905][  0]LogContentBrowser: Native class hierarchy updated for 'WidgetCarousel' in 0.0004 seconds. Added 0 classes and 0 folders.
[2019.11.05-02.01.52:910][  0]LogPakFile: Registered encryption key '00000000000000000000000000000000': 0 pak files mounted, 0 remain pending
[2019.11.05-02.01.52:913][  0]LogPakFile: Registered encryption key '00000000000000000000000000000000': 0 pak files mounted, 0 remain pending
[2019.11.05-02.01.52:915][  0]LogPakFile: Registered encryption key '00000000000000000000000000000000': 0 pak files mounted, 0 remain pending
[2019.11.05-02.01.52:917][  0]LogPakFile: Registered encryption key '00000000000000000000000000000000': 0 pak files mounted, 0 remain pending
[2019.11.05-02.01.52:919][  0]LogPakFile: Registered encryption key '00000000000000000000000000000000': 0 pak files mounted, 0 remain pending
[2019.11.05-02.01.52:920][  0]LogPakFile: Registered encryption key '00000000000000000000000000000000': 0 pak files mounted, 0 remain pending
[2019.11.05-02.01.52:923][  0]LogPakFile: Registered encryption key '00000000000000000000000000000000': 0 pak files mounted, 0 remain pending
[2019.11.05-02.01.52:925][  0]LogPakFile: Registered encryption key '00000000000000000000000000000000': 0 pak files mounted, 0 remain pending
[2019.11.05-02.01.52:927][  0]LogPakFile: Registered encryption key '00000000000000000000000000000000': 0 pak files mounted, 0 remain pending
[2019.11.05-02.01.52:930][  0]LogPakFile: Registered encryption key '00000000000000000000000000000000': 0 pak files mounted, 0 remain pending
[2019.11.05-02.01.52:932][  0]LogPakFile: Registered encryption key '00000000000000000000000000000000': 0 pak files mounted, 0 remain pending
[2019.11.05-02.01.52:934][  0]LogPakFile: Registered encryption key '00000000000000000000000000000000': 0 pak files mounted, 0 remain pending
[2019.11.05-02.01.52:936][  0]LogPakFile: Registered encryption key '00000000000000000000000000000000': 0 pak files mounted, 0 remain pending
[2019.11.05-02.01.52:938][  0]LogPakFile: Registered encryption key '00000000000000000000000000000000': 0 pak files mounted, 0 remain pending
[2019.11.05-02.01.52:941][  0]LogPakFile: Registered encryption key '00000000000000000000000000000000': 0 pak files mounted, 0 remain pending
[2019.11.05-02.01.52:942][  0]LogPakFile: Registered encryption key '00000000000000000000000000000000': 0 pak files mounted, 0 remain pending
[2019.11.05-02.01.52:945][  0]LogPakFile: Registered encryption key '00000000000000000000000000000000': 0 pak files mounted, 0 remain pending
[2019.11.05-02.01.52:948][  0]LogPakFile: Registered encryption key '00000000000000000000000000000000': 0 pak files mounted, 0 remain pending
[2019.11.05-02.01.52:951][  0]LogPakFile: Registered encryption key '00000000000000000000000000000000': 0 pak files mounted, 0 remain pending
[2019.11.05-02.01.52:954][  0]LogPakFile: Registered encryption key '00000000000000000000000000000000': 0 pak files mounted, 0 remain pending
[2019.11.05-02.01.52:956][  0]LogPakFile: Registered encryption key '00000000000000000000000000000000': 0 pak files mounted, 0 remain pending
[2019.11.05-02.01.52:959][  0]LogPakFile: Registered encryption key '00000000000000000000000000000000': 0 pak files mounted, 0 remain pending
[2019.11.05-02.01.52:962][  0]LogPakFile: Registered encryption key '00000000000000000000000000000000': 0 pak files mounted, 0 remain pending
[2019.11.05-02.01.52:965][  0]LogPakFile: Registered encryption key '00000000000000000000000000000000': 0 pak files mounted, 0 remain pending
[2019.11.05-02.01.52:969][  0]LogPakFile: Registered encryption key '00000000000000000000000000000000': 0 pak files mounted, 0 remain pending
[2019.11.05-02.01.52:972][  0]LogPakFile: Registered encryption key '00000000000000000000000000000000': 0 pak files mounted, 0 remain pending
[2019.11.05-02.01.53:117][  0]LogContentBrowser: Native class hierarchy updated for 'AddContentDialog' in 0.0007 seconds. Added 0 classes and 0 folders.
[2019.11.05-02.01.53:132][  0]LogContentBrowser: Native class hierarchy updated for 'SceneOutliner' in 0.0008 seconds. Added 1 classes and 2 folders.
[2019.11.05-02.01.53:189][  0]LogSlate: Took 0.000332 seconds to synchronously load lazily loaded font '../../../Engine/Content/Slate/Fonts/Roboto-Regular.ttf' (155K)
[2019.11.05-02.01.53:195][  0]LogSlate: Took 0.004597 seconds to synchronously load lazily loaded font '../../../Engine/Content/Slate/Fonts/DroidSansFallback.ttf' (3848K)
[2019.11.05-02.01.53:197][  0]LogSlate: Took 0.000340 seconds to synchronously load lazily loaded font '../../../Engine/Content/Slate/Fonts/Roboto-Bold.ttf' (160K)
[2019.11.05-02.01.53:207][  0]LogSlate: Took 0.001101 seconds to synchronously load lazily loaded font '../../../Engine/Content/Editor/Slate/Fonts/FontAwesome.ttf' (139K)
[2019.11.05-02.01.53:316][  0]LogRenderer: Reallocating scene render targets to support 1152x676 Format 10 NumSamples 1 (Frame:1).
[2019.11.05-02.01.53:458][  0]LogContentBrowser: Native class hierarchy updated for 'HierarchicalLODOutliner' in 0.0005 seconds. Added 0 classes and 0 folders.
[2019.11.05-02.01.53:458][  0]LogLoad: (Engine Initialization) Total time: 14.42 seconds
[2019.11.05-02.01.53:458][  0]LogLoad: (Engine Initialization) Total Blueprint compile time: 0.00 seconds
[2019.11.05-02.01.53:572][  0]LogContentStreaming: Texture pool size now 1000 MB
[2019.11.05-02.01.53:639][  1]LogAssetRegistry: Asset discovery search completed in 7.9106 seconds
[2019.11.05-02.01.53:641][  1]LogCollectionManager: Rebuilt the object cache for 0 collections in 0.000000 seconds (found 0 objects)
[2019.11.05-02.01.53:641][  1]LogCollectionManager: Fixed up redirectors for 0 collections in 0.000061 seconds (updated 0 objects)
[2019.11.05-02.01.54:509][ 41]LogSlate: Took 0.000601 seconds to synchronously load lazily loaded font '../../../Engine/Content/Slate/Fonts/Roboto-Light.ttf' (167K)
[2019.11.05-02.18.56:512][611]LogWindowsTextInputMethodSystem: Display: IME system now deactivated.
[2019.11.05-02.18.56:568][611]LogWindowsTextInputMethodSystem: Display: IME system now activated using TSF (搜狗拼音输入法).
[2019.11.05-02.19.04:064][742]LogSlate: FSceneViewport::OnFocusLost() reason 0
[2019.11.05-02.19.04:284][742]LogAssetEditorManager: Opening Asset editor for Material /Game/Effect_05_Paragon/02_P_Boots_Projectile/Mat/M_sphere.M_sphere
[2019.11.05-02.19.04:289][742]LogMaterial: Display: Missing cached shader map for material M_sphere, compiling. 
[2019.11.05-02.19.04:676][742]LogMaterial: Display: Missing cached shader map for material FMatExpressionPreview MaterialExpressionTextureSample_1, compiling. 
[2019.11.05-02.19.04:685][742]LogMaterial: Display: Missing cached shader map for material FMatExpressionPreview MaterialExpressionTextureSample_0, compiling. 
[2019.11.05-02.19.04:692][742]LogMaterial: Display: Missing cached shader map for material FMatExpressionPreview MaterialExpressionLinearInterpolate_0, compiling. 
[2019.11.05-02.19.04:699][742]LogMaterial: Display: Missing cached shader map for material FMatExpressionPreview MaterialExpressionLinearInterpolate_1, compiling. 
[2019.11.05-02.19.04:707][742]LogMaterial: Display: Missing cached shader map for material FMatExpressionPreview MaterialExpressionComponentMask_0, compiling. 
[2019.11.05-02.19.04:714][742]LogMaterial: Display: Missing cached shader map for material FMatExpressionPreview MaterialExpressionMultiply_2, compiling. 
[2019.11.05-02.19.04:724][742]LogMaterial: Display: Missing cached shader map for material M_sphere, compiling. 
[2019.11.05-02.19.04:737][742]LogShaderCompilers: Display: Shaders left to compile 10
[2019.11.05-02.19.04:740][742]LogMaterial: Display: Missing cached shader map for material M_sphere, compiling. 
[2019.11.05-02.19.04:782][742]LogMaterial: Display: Missing cached shader map for material FMatExpressionPreview MaterialExpressionTextureSample_1, compiling. 
[2019.11.05-02.19.04:790][742]LogMaterial: Display: Missing cached shader map for material FMatExpressionPreview MaterialExpressionTextureSample_0, compiling. 
[2019.11.05-02.19.04:798][742]LogMaterial: Display: Missing cached shader map for material FMatExpressionPreview MaterialExpressionLinearInterpolate_0, compiling. 
[2019.11.05-02.19.04:806][742]LogMaterial: Display: Missing cached shader map for material FMatExpressionPreview MaterialExpressionLinearInterpolate_1, compiling. 
[2019.11.05-02.19.04:815][742]LogMaterial: Display: Missing cached shader map for material FMatExpressionPreview MaterialExpressionComponentMask_0, compiling. 
[2019.11.05-02.19.04:825][742]LogMaterial: Display: Missing cached shader map for material FMatExpressionPreview MaterialExpressionMultiply_2, compiling. 
[2019.11.05-02.19.04:900][742]LogSlate: Took 0.000990 seconds to synchronously load lazily loaded font '../../../Engine/Content/Slate/Fonts/Roboto-BoldCondensed.ttf' (158K)
[2019.11.05-02.19.05:240][744]LogSlate: Warning: Legacy localized fallback font '../../../Engine/Content/Slate/Fonts/DroidSansFallback.ttf' was requested. Font: '/Engine/EngineFonts/Faces/RobotoRegular.RobotoRegular', Character: '着 (U+7740)'
Legacy localized fallback fonts were deprecated in 4.22 and will be removed in a future version!
Please update your composite fonts to use localized sub-font families: https://docs.unrealengine.com/en-US/Engine/UMG/UserGuide/Fonts/Overview
[2019.11.05-02.19.05:961][759]LogShaderCompilers: Display: Shaders left to compile 20
[2019.11.05-02.19.06:411][770]LogShaderCompilers: Display: Shaders left to compile 10
[2019.11.05-02.19.08:143][808]LogSlate: Took 0.000950 seconds to synchronously load lazily loaded font '../../../Engine/Content/Slate/Fonts/Roboto-Italic.ttf' (157K)
[2019.11.05-02.19.08:229][812]MaterialEditorStats: Base pass shader without light map: 86 instructions
[2019.11.05-02.19.08:229][812]MaterialEditorStats: Base pass vertex shader: 138 instructions
[2019.11.05-02.19.08:229][812]MaterialEditorStats: Texture samplers: 3/16
[2019.11.05-02.19.08:229][812]MaterialEditorStats: Texture Lookups (Est.): VS(0), PS(2)
[2019.11.05-02.19.08:229][812]MaterialEditorStats: User interpolators: 2/4 Scalars (1/4 Vectors) (TexCoords: 2, Custom: 0)
[2019.11.05-02.19.14:953][300]LogSlate: FSceneViewport::OnFocusLost() reason 0
[2019.11.05-02.19.26:249][132]LogWindows: LaunchURL http://docs.unrealengine.com/latest/ZHO/Engine/Rendering/Materials/ExpressionReference/Vector/index.html?utm_source=editor&utm_medium=docs&utm_campaign=rightclick_matnode#reflectionvectorws
[2019.11.05-02.22.06:016][609]LogInit: XAudio2 using '扬声器 (Realtek High Definition Audio)' : 2 channels at 48 kHz using 32 bits per sample (channel mask 0x3)
